2024-04-02T14:36:56.140+08:00 TRACE 9392 --- [Todo] [main] eGlobalAuthenticationAutowiredConfigurer : Eagerly initializing {securityConfig=be.app.Todo.config.SecurityConfig$$SpringCGLIB$$0@ebff59d}
2024-04-02T14:36:56.152+08:00 DEBUG 9392 --- [Todo] [main] swordEncoderAuthenticationManagerBuilder : No authenticationProviders and no parentAuthenticationManager defined. Returning null.
2024-04-02T14:36:57.519+08:00  INFO 9392 --- [Todo] [main] o.s.s.web.DefaultSecurityFilterChain     : Will secure any request with [org.springframework.security.web.session.DisableEncodeUrlFilter@6a6e410c, org.springframework.security.web.context.request.async.WebAsyncManagerIntegrationFilter@200e6029, org.springframework.security.web.context.SecurityContextHolderFilter@7e84af34, org.springframework.security.web.header.HeaderWriterFilter@28befd62, org.springframework.web.filter.CorsFilter@41120e48, org.springframework.security.web.csrf.CsrfFilter@1d6014a7, org.springframework.security.web.authentication.logout.LogoutFilter@167f9043, org.springframework.security.oauth2.server.resource.web.authentication.BearerTokenAuthenticationFilter@7402bfe7, org.springframework.security.web.savedrequest.RequestCacheAwareFilter@12925d2, org.springframework.security.web.servletapi.SecurityContextHolderAwareRequestFilter@612531a3, org.springframework.security.web.authentication.AnonymousAuthenticationFilter@165a5979, org.springframework.security.web.access.ExceptionTranslationFilter@763ddfc3, org.springframework.security.web.access.intercept.AuthorizationFilter@1d4c6e32]
2024-04-02T14:37:07.120+08:00 TRACE 9392 --- [Todo] [http-nio-8080-exec-2] o.s.security.web.FilterChainProxy        : Trying to match request against DefaultSecurityFilterChain [RequestMatcher=any request, Filters=[org.springframework.security.web.session.DisableEncodeUrlFilter@6a6e410c, org.springframework.security.web.context.request.async.WebAsyncManagerIntegrationFilter@200e6029, org.springframework.security.web.context.SecurityContextHolderFilter@7e84af34, org.springframework.security.web.header.HeaderWriterFilter@28befd62, org.springframework.web.filter.CorsFilter@41120e48, org.springframework.security.web.csrf.CsrfFilter@1d6014a7, org.springframework.security.web.authentication.logout.LogoutFilter@167f9043, org.springframework.security.oauth2.server.resource.web.authentication.BearerTokenAuthenticationFilter@7402bfe7, org.springframework.security.web.savedrequest.RequestCacheAwareFilter@12925d2, org.springframework.security.web.servletapi.SecurityContextHolderAwareRequestFilter@612531a3, org.springframework.security.web.authentication.AnonymousAuthenticationFilter@165a5979, org.springframework.security.web.access.ExceptionTranslationFilter@763ddfc3, org.springframework.security.web.access.intercept.AuthorizationFilter@1d4c6e32]] (1/1)
2024-04-02T14:37:07.121+08:00 DEBUG 9392 --- [Todo] [http-nio-8080-exec-2] o.s.security.web.FilterChainProxy        : Securing GET /task/11
2024-04-02T14:37:07.123+08:00 TRACE 9392 --- [Todo] [http-nio-8080-exec-2] o.s.security.web.FilterChainProxy        : Invoking DisableEncodeUrlFilter (1/13)
2024-04-02T14:37:07.124+08:00 TRACE 9392 --- [Todo] [http-nio-8080-exec-2] o.s.security.web.FilterChainProxy        : Invoking WebAsyncManagerIntegrationFilter (2/13)
2024-04-02T14:37:07.126+08:00 TRACE 9392 --- [Todo] [http-nio-8080-exec-2] o.s.security.web.FilterChainProxy        : Invoking SecurityContextHolderFilter (3/13)
2024-04-02T14:37:07.129+08:00 TRACE 9392 --- [Todo] [http-nio-8080-exec-2] o.s.security.web.FilterChainProxy        : Invoking HeaderWriterFilter (4/13)
2024-04-02T14:37:07.131+08:00 TRACE 9392 --- [Todo] [http-nio-8080-exec-2] o.s.security.web.FilterChainProxy        : Invoking CorsFilter (5/13)
2024-04-02T14:37:07.132+08:00 TRACE 9392 --- [Todo] [http-nio-8080-exec-2] o.s.security.web.FilterChainProxy        : Invoking CsrfFilter (6/13)
2024-04-02T14:37:07.135+08:00 TRACE 9392 --- [Todo] [http-nio-8080-exec-2] o.s.security.web.csrf.CsrfFilter         : Did not protect against CSRF since request did not match And [CsrfNotRequired [TRACE, HEAD, GET, OPTIONS], Not [Or [org.springframework.security.config.annotation.web.configurers.oauth2.server.resource.OAuth2ResourceServerConfigurer$BearerTokenRequestMatcher@360d3f47]]]
2024-04-02T14:37:07.136+08:00 TRACE 9392 --- [Todo] [http-nio-8080-exec-2] o.s.security.web.FilterChainProxy        : Invoking LogoutFilter (7/13)
2024-04-02T14:37:07.136+08:00 TRACE 9392 --- [Todo] [http-nio-8080-exec-2] o.s.s.w.a.logout.LogoutFilter            : Did not match request to Ant [pattern='/logout', POST]
2024-04-02T14:37:07.136+08:00 TRACE 9392 --- [Todo] [http-nio-8080-exec-2] o.s.security.web.FilterChainProxy        : Invoking BearerTokenAuthenticationFilter (8/13)
2024-04-02T14:37:07.140+08:00 TRACE 9392 --- [Todo] [http-nio-8080-exec-2] o.s.s.authentication.ProviderManager     : Authenticating request with JwtAuthenticationProvider (1/2)
2024-04-02T14:37:07.383+08:00 DEBUG 9392 --- [Todo] [http-nio-8080-exec-2] o.s.s.oauth2.jwt.JwtTimestampValidator   : Jwt expired at 2024-04-02T06:34:24Z
2024-04-02T14:37:07.386+08:00 DEBUG 9392 --- [Todo] [http-nio-8080-exec-2] o.s.s.o.s.r.a.JwtAuthenticationProvider  : Failed to authenticate since the JWT was invalid
2024-04-02T14:37:07.390+08:00 TRACE 9392 --- [Todo] [http-nio-8080-exec-2] .s.r.w.a.BearerTokenAuthenticationFilter : Failed to process authentication request

org.springframework.security.oauth2.server.resource.InvalidBearerTokenException: An error occurred while attempting to decode the Jwt: Jwt expired at 2024-04-02T06:34:24Z
	at org.springframework.security.oauth2.server.resource.authentication.JwtAuthenticationProvider.getJwt(JwtAuthenticationProvider.java:103) ~[spring-security-oauth2-resource-server-6.2.2.jar:6.2.2]
	at org.springframework.security.oauth2.server.resource.authentication.JwtAuthenticationProvider.authenticate(JwtAuthenticationProvider.java:88) ~[spring-security-oauth2-resource-server-6.2.2.jar:6.2.2]
	at org.springframework.security.authentication.ProviderManager.authenticate(ProviderManager.java:182) ~[spring-security-core-6.2.2.jar:6.2.2]
	at org.springframework.security.oauth2.server.resource.web.authentication.BearerTokenAuthenticationFilter.doFilterInternal(BearerTokenAuthenticationFilter.java:137) ~[spring-security-oauth2-resource-server-6.2.2.jar:6.2.2]
	at org.springframework.web.filter.OncePerRequestFilter.doFilter(OncePerRequestFilter.java:116) ~[spring-web-6.1.4.jar:6.1.4]
	at org.springframework.security.web.FilterChainProxy$VirtualFilterChain.doFilter(FilterChainProxy.java:374) ~[spring-security-web-6.2.2.jar:6.2.2]
	at org.springframework.security.web.authentication.logout.LogoutFilter.doFilter(LogoutFilter.java:107) ~[spring-security-web-6.2.2.jar:6.2.2]
	at org.springframework.security.web.authentication.logout.LogoutFilter.doFilter(LogoutFilter.java:93) ~[spring-security-web-6.2.2.jar:6.2.2]
	at org.springframework.security.web.FilterChainProxy$VirtualFilterChain.doFilter(FilterChainProxy.java:374) ~[spring-security-web-6.2.2.jar:6.2.2]
	at org.springframework.security.web.csrf.CsrfFilter.doFilterInternal(CsrfFilter.java:117) ~[spring-security-web-6.2.2.jar:6.2.2]
	at org.springframework.web.filter.OncePerRequestFilter.doFilter(OncePerRequestFilter.java:116) ~[spring-web-6.1.4.jar:6.1.4]
	at org.springframework.security.web.FilterChainProxy$VirtualFilterChain.doFilter(FilterChainProxy.java:374) ~[spring-security-web-6.2.2.jar:6.2.2]
	at org.springframework.web.filter.CorsFilter.doFilterInternal(CorsFilter.java:91) ~[spring-web-6.1.4.jar:6.1.4]
	at org.springframework.web.filter.OncePerRequestFilter.doFilter(OncePerRequestFilter.java:116) ~[spring-web-6.1.4.jar:6.1.4]
	at org.springframework.security.web.FilterChainProxy$VirtualFilterChain.doFilter(FilterChainProxy.java:374) ~[spring-security-web-6.2.2.jar:6.2.2]
	at org.springframework.security.web.header.HeaderWriterFilter.doHeadersAfter(HeaderWriterFilter.java:90) ~[spring-security-web-6.2.2.jar:6.2.2]
	at org.springframework.security.web.header.HeaderWriterFilter.doFilterInternal(HeaderWriterFilter.java:75) ~[spring-security-web-6.2.2.jar:6.2.2]
	at org.springframework.web.filter.OncePerRequestFilter.doFilter(OncePerRequestFilter.java:116) ~[spring-web-6.1.4.jar:6.1.4]
	at org.springframework.security.web.FilterChainProxy$VirtualFilterChain.doFilter(FilterChainProxy.java:374) ~[spring-security-web-6.2.2.jar:6.2.2]
	at org.springframework.security.web.context.SecurityContextHolderFilter.doFilter(SecurityContextHolderFilter.java:82) ~[spring-security-web-6.2.2.jar:6.2.2]
	at org.springframework.security.web.context.SecurityContextHolderFilter.doFilter(SecurityContextHolderFilter.java:69) ~[spring-security-web-6.2.2.jar:6.2.2]
	at org.springframework.security.web.FilterChainProxy$VirtualFilterChain.doFilter(FilterChainProxy.java:374) ~[spring-security-web-6.2.2.jar:6.2.2]
	at org.springframework.security.web.context.request.async.WebAsyncManagerIntegrationFilter.doFilterInternal(WebAsyncManagerIntegrationFilter.java:62) ~[spring-security-web-6.2.2.jar:6.2.2]
	at org.springframework.web.filter.OncePerRequestFilter.doFilter(OncePerRequestFilter.java:116) ~[spring-web-6.1.4.jar:6.1.4]
	at org.springframework.security.web.FilterChainProxy$VirtualFilterChain.doFilter(FilterChainProxy.java:374) ~[spring-security-web-6.2.2.jar:6.2.2]
	at org.springframework.security.web.session.DisableEncodeUrlFilter.doFilterInternal(DisableEncodeUrlFilter.java:42) ~[spring-security-web-6.2.2.jar:6.2.2]
	at org.springframework.web.filter.OncePerRequestFilter.doFilter(OncePerRequestFilter.java:116) ~[spring-web-6.1.4.jar:6.1.4]
	at org.springframework.security.web.FilterChainProxy$VirtualFilterChain.doFilter(FilterChainProxy.java:374) ~[spring-security-web-6.2.2.jar:6.2.2]
	at org.springframework.security.web.FilterChainProxy.doFilterInternal(FilterChainProxy.java:233) ~[spring-security-web-6.2.2.jar:6.2.2]
	at org.springframework.security.web.FilterChainProxy.doFilter(FilterChainProxy.java:191) ~[spring-security-web-6.2.2.jar:6.2.2]
	at org.springframework.web.filter.CompositeFilter$VirtualFilterChain.doFilter(CompositeFilter.java:113) ~[spring-web-6.1.4.jar:6.1.4]
	at org.springframework.web.servlet.handler.HandlerMappingIntrospector.lambda$createCacheFilter$3(HandlerMappingIntrospector.java:195) ~[spring-webmvc-6.1.4.jar:6.1.4]
	at org.springframework.web.filter.CompositeFilter$VirtualFilterChain.doFilter(CompositeFilter.java:113) ~[spring-web-6.1.4.jar:6.1.4]
	at org.springframework.web.filter.CompositeFilter.doFilter(CompositeFilter.java:74) ~[spring-web-6.1.4.jar:6.1.4]
	at org.springframework.security.config.annotation.web.configuration.WebMvcSecurityConfiguration$CompositeFilterChainProxy.doFilter(WebMvcSecurityConfiguration.java:230) ~[spring-security-config-6.2.2.jar:6.2.2]
	at org.springframework.web.filter.DelegatingFilterProxy.invokeDelegate(DelegatingFilterProxy.java:352) ~[spring-web-6.1.4.jar:6.1.4]
	at org.springframework.web.filter.DelegatingFilterProxy.doFilter(DelegatingFilterProxy.java:268) ~[spring-web-6.1.4.jar:6.1.4]
	at org.apache.catalina.core.ApplicationFilterChain.internalDoFilter(ApplicationFilterChain.java:174) ~[tomcat-embed-core-10.1.19.jar:10.1.19]
	at org.apache.catalina.core.ApplicationFilterChain.doFilter(ApplicationFilterChain.java:149) ~[tomcat-embed-core-10.1.19.jar:10.1.19]
	at org.springframework.web.filter.RequestContextFilter.doFilterInternal(RequestContextFilter.java:100) ~[spring-web-6.1.4.jar:6.1.4]
	at org.springframework.web.filter.OncePerRequestFilter.doFilter(OncePerRequestFilter.java:116) ~[spring-web-6.1.4.jar:6.1.4]
	at org.apache.catalina.core.ApplicationFilterChain.internalDoFilter(ApplicationFilterChain.java:174) ~[tomcat-embed-core-10.1.19.jar:10.1.19]
	at org.apache.catalina.core.ApplicationFilterChain.doFilter(ApplicationFilterChain.java:149) ~[tomcat-embed-core-10.1.19.jar:10.1.19]
	at org.springframework.web.filter.FormContentFilter.doFilterInternal(FormContentFilter.java:93) ~[spring-web-6.1.4.jar:6.1.4]
	at org.springframework.web.filter.OncePerRequestFilter.doFilter(OncePerRequestFilter.java:116) ~[spring-web-6.1.4.jar:6.1.4]
	at org.apache.catalina.core.ApplicationFilterChain.internalDoFilter(ApplicationFilterChain.java:174) ~[tomcat-embed-core-10.1.19.jar:10.1.19]
	at org.apache.catalina.core.ApplicationFilterChain.doFilter(ApplicationFilterChain.java:149) ~[tomcat-embed-core-10.1.19.jar:10.1.19]
	at org.springframework.web.filter.CharacterEncodingFilter.doFilterInternal(CharacterEncodingFilter.java:201) ~[spring-web-6.1.4.jar:6.1.4]
	at org.springframework.web.filter.OncePerRequestFilter.doFilter(OncePerRequestFilter.java:116) ~[spring-web-6.1.4.jar:6.1.4]
	at org.apache.catalina.core.ApplicationFilterChain.internalDoFilter(ApplicationFilterChain.java:174) ~[tomcat-embed-core-10.1.19.jar:10.1.19]
	at org.apache.catalina.core.ApplicationFilterChain.doFilter(ApplicationFilterChain.java:149) ~[tomcat-embed-core-10.1.19.jar:10.1.19]
	at org.apache.catalina.core.StandardWrapperValve.invoke(StandardWrapperValve.java:167) ~[tomcat-embed-core-10.1.19.jar:10.1.19]
	at org.apache.catalina.core.StandardContextValve.invoke(StandardContextValve.java:90) ~[tomcat-embed-core-10.1.19.jar:10.1.19]
	at org.apache.catalina.authenticator.AuthenticatorBase.invoke(AuthenticatorBase.java:482) ~[tomcat-embed-core-10.1.19.jar:10.1.19]
	at org.apache.catalina.core.StandardHostValve.invoke(StandardHostValve.java:115) ~[tomcat-embed-core-10.1.19.jar:10.1.19]
	at org.apache.catalina.valves.ErrorReportValve.invoke(ErrorReportValve.java:93) ~[tomcat-embed-core-10.1.19.jar:10.1.19]
	at org.apache.catalina.core.StandardEngineValve.invoke(StandardEngineValve.java:74) ~[tomcat-embed-core-10.1.19.jar:10.1.19]
	at org.apache.catalina.connector.CoyoteAdapter.service(CoyoteAdapter.java:344) ~[tomcat-embed-core-10.1.19.jar:10.1.19]
	at org.apache.coyote.http11.Http11Processor.service(Http11Processor.java:391) ~[tomcat-embed-core-10.1.19.jar:10.1.19]
	at org.apache.coyote.AbstractProcessorLight.process(AbstractProcessorLight.java:63) ~[tomcat-embed-core-10.1.19.jar:10.1.19]
	at org.apache.coyote.AbstractProtocol$ConnectionHandler.process(AbstractProtocol.java:896) ~[tomcat-embed-core-10.1.19.jar:10.1.19]
	at org.apache.tomcat.util.net.NioEndpoint$SocketProcessor.doRun(NioEndpoint.java:1744) ~[tomcat-embed-core-10.1.19.jar:10.1.19]
	at org.apache.tomcat.util.net.SocketProcessorBase.run(SocketProcessorBase.java:52) ~[tomcat-embed-core-10.1.19.jar:10.1.19]
	at org.apache.tomcat.util.threads.ThreadPoolExecutor.runWorker(ThreadPoolExecutor.java:1191) ~[tomcat-embed-core-10.1.19.jar:10.1.19]
	at org.apache.tomcat.util.threads.ThreadPoolExecutor$Worker.run(ThreadPoolExecutor.java:659) ~[tomcat-embed-core-10.1.19.jar:10.1.19]
	at org.apache.tomcat.util.threads.TaskThread$WrappingRunnable.run(TaskThread.java:63) ~[tomcat-embed-core-10.1.19.jar:10.1.19]
	at java.base/java.lang.Thread.run(Thread.java:1583) ~[na:na]
Caused by: org.springframework.security.oauth2.jwt.JwtValidationException: An error occurred while attempting to decode the Jwt: Jwt expired at 2024-04-02T06:34:24Z
	at org.springframework.security.oauth2.jwt.NimbusJwtDecoder.validateJwt(NimbusJwtDecoder.java:193) ~[spring-security-oauth2-jose-6.2.2.jar:6.2.2]
	at org.springframework.security.oauth2.jwt.NimbusJwtDecoder.decode(NimbusJwtDecoder.java:139) ~[spring-security-oauth2-jose-6.2.2.jar:6.2.2]
	at org.springframework.security.oauth2.jwt.SupplierJwtDecoder.decode(SupplierJwtDecoder.java:49) ~[spring-security-oauth2-jose-6.2.2.jar:6.2.2]
	at org.springframework.security.oauth2.server.resource.authentication.JwtAuthenticationProvider.getJwt(JwtAuthenticationProvider.java:99) ~[spring-security-oauth2-resource-server-6.2.2.jar:6.2.2]
	... 66 common frames omitted

2024-04-02T14:37:07.436+08:00 TRACE 9392 --- [Todo] [http-nio-8080-exec-2] o.s.s.w.header.writers.HstsHeaderWriter  : Not injecting HSTS header since it did not match request to [Is Secure]
2024-04-02T14:37:31.772+08:00 TRACE 9392 --- [Todo] [http-nio-8080-exec-3] o.s.security.web.FilterChainProxy        : Trying to match request against DefaultSecurityFilterChain [RequestMatcher=any request, Filters=[org.springframework.security.web.session.DisableEncodeUrlFilter@6a6e410c, org.springframework.security.web.context.request.async.WebAsyncManagerIntegrationFilter@200e6029, org.springframework.security.web.context.SecurityContextHolderFilter@7e84af34, org.springframework.security.web.header.HeaderWriterFilter@28befd62, org.springframework.web.filter.CorsFilter@41120e48, org.springframework.security.web.csrf.CsrfFilter@1d6014a7, org.springframework.security.web.authentication.logout.LogoutFilter@167f9043, org.springframework.security.oauth2.server.resource.web.authentication.BearerTokenAuthenticationFilter@7402bfe7, org.springframework.security.web.savedrequest.RequestCacheAwareFilter@12925d2, org.springframework.security.web.servletapi.SecurityContextHolderAwareRequestFilter@612531a3, org.springframework.security.web.authentication.AnonymousAuthenticationFilter@165a5979, org.springframework.security.web.access.ExceptionTranslationFilter@763ddfc3, org.springframework.security.web.access.intercept.AuthorizationFilter@1d4c6e32]] (1/1)
2024-04-02T14:37:31.777+08:00 DEBUG 9392 --- [Todo] [http-nio-8080-exec-3] o.s.security.web.FilterChainProxy        : Securing GET /tasks
2024-04-02T14:37:31.777+08:00 TRACE 9392 --- [Todo] [http-nio-8080-exec-3] o.s.security.web.FilterChainProxy        : Invoking DisableEncodeUrlFilter (1/13)
2024-04-02T14:37:31.777+08:00 TRACE 9392 --- [Todo] [http-nio-8080-exec-3] o.s.security.web.FilterChainProxy        : Invoking WebAsyncManagerIntegrationFilter (2/13)
2024-04-02T14:37:31.777+08:00 TRACE 9392 --- [Todo] [http-nio-8080-exec-3] o.s.security.web.FilterChainProxy        : Invoking SecurityContextHolderFilter (3/13)
2024-04-02T14:37:31.777+08:00 TRACE 9392 --- [Todo] [http-nio-8080-exec-3] o.s.security.web.FilterChainProxy        : Invoking HeaderWriterFilter (4/13)
2024-04-02T14:37:31.777+08:00 TRACE 9392 --- [Todo] [http-nio-8080-exec-3] o.s.security.web.FilterChainProxy        : Invoking CorsFilter (5/13)
2024-04-02T14:37:31.790+08:00 TRACE 9392 --- [Todo] [http-nio-8080-exec-3] o.s.security.web.FilterChainProxy        : Invoking CsrfFilter (6/13)
2024-04-02T14:37:31.790+08:00 TRACE 9392 --- [Todo] [http-nio-8080-exec-3] o.s.security.web.csrf.CsrfFilter         : Did not protect against CSRF since request did not match And [CsrfNotRequired [TRACE, HEAD, GET, OPTIONS], Not [Or [org.springframework.security.config.annotation.web.configurers.oauth2.server.resource.OAuth2ResourceServerConfigurer$BearerTokenRequestMatcher@360d3f47]]]
2024-04-02T14:37:31.792+08:00 TRACE 9392 --- [Todo] [http-nio-8080-exec-3] o.s.security.web.FilterChainProxy        : Invoking LogoutFilter (7/13)
2024-04-02T14:37:31.792+08:00 TRACE 9392 --- [Todo] [http-nio-8080-exec-3] o.s.s.w.a.logout.LogoutFilter            : Did not match request to Ant [pattern='/logout', POST]
2024-04-02T14:37:31.792+08:00 TRACE 9392 --- [Todo] [http-nio-8080-exec-3] o.s.security.web.FilterChainProxy        : Invoking BearerTokenAuthenticationFilter (8/13)
2024-04-02T14:37:31.794+08:00 TRACE 9392 --- [Todo] [http-nio-8080-exec-3] o.s.s.authentication.ProviderManager     : Authenticating request with JwtAuthenticationProvider (1/2)
2024-04-02T14:37:31.806+08:00 DEBUG 9392 --- [Todo] [http-nio-8080-exec-3] o.s.s.o.s.r.a.JwtAuthenticationProvider  : Authenticated token
2024-04-02T14:37:31.806+08:00 DEBUG 9392 --- [Todo] [http-nio-8080-exec-3] .s.r.w.a.BearerTokenAuthenticationFilter : Set SecurityContextHolder to CustomJwt [Principal=org.springframework.security.oauth2.jwt.Jwt@8c9a4f69, Credentials=[PROTECTED], Authenticated=true, Details=WebAuthenticationDetails [RemoteIpAddress=0:0:0:0:0:0:0:1, SessionId=null], Granted Authorities=[ROLE_User, ROLE_default-roles-to-do-app, ROLE_offline_access, ROLE_uma_authorization]]
2024-04-02T14:37:31.808+08:00 TRACE 9392 --- [Todo] [http-nio-8080-exec-3] o.s.security.web.FilterChainProxy        : Invoking RequestCacheAwareFilter (9/13)
2024-04-02T14:37:31.808+08:00 TRACE 9392 --- [Todo] [http-nio-8080-exec-3] o.s.s.w.s.HttpSessionRequestCache        : matchingRequestParameterName is required for getMatchingRequest to lookup a value, but not provided
2024-04-02T14:37:31.808+08:00 TRACE 9392 --- [Todo] [http-nio-8080-exec-3] o.s.security.web.FilterChainProxy        : Invoking SecurityContextHolderAwareRequestFilter (10/13)
2024-04-02T14:37:31.808+08:00 TRACE 9392 --- [Todo] [http-nio-8080-exec-3] o.s.security.web.FilterChainProxy        : Invoking AnonymousAuthenticationFilter (11/13)
2024-04-02T14:37:31.808+08:00 TRACE 9392 --- [Todo] [http-nio-8080-exec-3] o.s.security.web.FilterChainProxy        : Invoking ExceptionTranslationFilter (12/13)
2024-04-02T14:37:31.808+08:00 TRACE 9392 --- [Todo] [http-nio-8080-exec-3] o.s.security.web.FilterChainProxy        : Invoking AuthorizationFilter (13/13)
2024-04-02T14:37:31.808+08:00 TRACE 9392 --- [Todo] [http-nio-8080-exec-3] estMatcherDelegatingAuthorizationManager : Authorizing SecurityContextHolderAwareRequestWrapper[ org.springframework.security.web.header.HeaderWriterFilter$HeaderWriterRequest@98b3a4d]
2024-04-02T14:37:31.815+08:00 TRACE 9392 --- [Todo] [http-nio-8080-exec-3] estMatcherDelegatingAuthorizationManager : Checking authorization on SecurityContextHolderAwareRequestWrapper[ org.springframework.security.web.header.HeaderWriterFilter$HeaderWriterRequest@98b3a4d] using org.springframework.security.authorization.AuthenticatedAuthorizationManager@3fd8c66b
2024-04-02T14:37:31.815+08:00 TRACE 9392 --- [Todo] [http-nio-8080-exec-3] o.s.s.w.a.AnonymousAuthenticationFilter  : Did not set SecurityContextHolder since already authenticated CustomJwt [Principal=org.springframework.security.oauth2.jwt.Jwt@8c9a4f69, Credentials=[PROTECTED], Authenticated=true, Details=WebAuthenticationDetails [RemoteIpAddress=0:0:0:0:0:0:0:1, SessionId=null], Granted Authorities=[ROLE_User, ROLE_default-roles-to-do-app, ROLE_offline_access, ROLE_uma_authorization]]
2024-04-02T14:37:31.815+08:00 DEBUG 9392 --- [Todo] [http-nio-8080-exec-3] o.s.security.web.FilterChainProxy        : Secured GET /tasks
2024-04-02T14:37:31.924+08:00 DEBUG 9392 --- [Todo] [http-nio-8080-exec-3] horizationManagerBeforeMethodInterceptor : Authorizing method invocation ReflectiveMethodInvocation: public org.springframework.http.ResponseEntity be.app.Todo.rest.TrackController.getTasks(); target is of class [be.app.Todo.rest.TrackController]
2024-04-02T14:37:31.944+08:00 DEBUG 9392 --- [Todo] [http-nio-8080-exec-3] horizationManagerBeforeMethodInterceptor : Authorized method invocation ReflectiveMethodInvocation: public org.springframework.http.ResponseEntity be.app.Todo.rest.TrackController.getTasks(); target is of class [be.app.Todo.rest.TrackController]
2024-04-02T14:37:32.831+08:00 DEBUG 9392 --- [Todo] [http-nio-8080-exec-3] org.hibernate.SQL                        : select t1_0.id,t1_0.category,t1_0.created,t1_0.description,t1_0.due_date,t1_0.is_deleted,t1_0.title,t1_0.updated from task t1_0 where t1_0.is_deleted=?
2024-04-02T14:37:32.835+08:00 TRACE 9392 --- [Todo] [http-nio-8080-exec-3] org.hibernate.orm.jdbc.bind              : binding parameter (1:BOOLEAN) <- [false]
2024-04-02T14:37:32.923+08:00 TRACE 9392 --- [Todo] [http-nio-8080-exec-3] o.s.s.w.header.writers.HstsHeaderWriter  : Not injecting HSTS header since it did not match request to [Is Secure]
2024-04-02T14:37:58.747+08:00 TRACE 9392 --- [Todo] [http-nio-8080-exec-4] o.s.security.web.FilterChainProxy        : Trying to match request against DefaultSecurityFilterChain [RequestMatcher=any request, Filters=[org.springframework.security.web.session.DisableEncodeUrlFilter@6a6e410c, org.springframework.security.web.context.request.async.WebAsyncManagerIntegrationFilter@200e6029, org.springframework.security.web.context.SecurityContextHolderFilter@7e84af34, org.springframework.security.web.header.HeaderWriterFilter@28befd62, org.springframework.web.filter.CorsFilter@41120e48, org.springframework.security.web.csrf.CsrfFilter@1d6014a7, org.springframework.security.web.authentication.logout.LogoutFilter@167f9043, org.springframework.security.oauth2.server.resource.web.authentication.BearerTokenAuthenticationFilter@7402bfe7, org.springframework.security.web.savedrequest.RequestCacheAwareFilter@12925d2, org.springframework.security.web.servletapi.SecurityContextHolderAwareRequestFilter@612531a3, org.springframework.security.web.authentication.AnonymousAuthenticationFilter@165a5979, org.springframework.security.web.access.ExceptionTranslationFilter@763ddfc3, org.springframework.security.web.access.intercept.AuthorizationFilter@1d4c6e32]] (1/1)
2024-04-02T14:37:58.747+08:00 DEBUG 9392 --- [Todo] [http-nio-8080-exec-4] o.s.security.web.FilterChainProxy        : Securing GET /task/11
2024-04-02T14:37:58.747+08:00 TRACE 9392 --- [Todo] [http-nio-8080-exec-4] o.s.security.web.FilterChainProxy        : Invoking DisableEncodeUrlFilter (1/13)
2024-04-02T14:37:58.747+08:00 TRACE 9392 --- [Todo] [http-nio-8080-exec-4] o.s.security.web.FilterChainProxy        : Invoking WebAsyncManagerIntegrationFilter (2/13)
2024-04-02T14:37:58.747+08:00 TRACE 9392 --- [Todo] [http-nio-8080-exec-4] o.s.security.web.FilterChainProxy        : Invoking SecurityContextHolderFilter (3/13)
2024-04-02T14:37:58.747+08:00 TRACE 9392 --- [Todo] [http-nio-8080-exec-4] o.s.security.web.FilterChainProxy        : Invoking HeaderWriterFilter (4/13)
2024-04-02T14:37:58.747+08:00 TRACE 9392 --- [Todo] [http-nio-8080-exec-4] o.s.security.web.FilterChainProxy        : Invoking CorsFilter (5/13)
2024-04-02T14:37:58.747+08:00 TRACE 9392 --- [Todo] [http-nio-8080-exec-4] o.s.security.web.FilterChainProxy        : Invoking CsrfFilter (6/13)
2024-04-02T14:37:58.754+08:00 TRACE 9392 --- [Todo] [http-nio-8080-exec-4] o.s.security.web.csrf.CsrfFilter         : Did not protect against CSRF since request did not match And [CsrfNotRequired [TRACE, HEAD, GET, OPTIONS], Not [Or [org.springframework.security.config.annotation.web.configurers.oauth2.server.resource.OAuth2ResourceServerConfigurer$BearerTokenRequestMatcher@360d3f47]]]
2024-04-02T14:37:58.754+08:00 TRACE 9392 --- [Todo] [http-nio-8080-exec-4] o.s.security.web.FilterChainProxy        : Invoking LogoutFilter (7/13)
2024-04-02T14:37:58.754+08:00 TRACE 9392 --- [Todo] [http-nio-8080-exec-4] o.s.s.w.a.logout.LogoutFilter            : Did not match request to Ant [pattern='/logout', POST]
2024-04-02T14:37:58.754+08:00 TRACE 9392 --- [Todo] [http-nio-8080-exec-4] o.s.security.web.FilterChainProxy        : Invoking BearerTokenAuthenticationFilter (8/13)
2024-04-02T14:37:58.754+08:00 TRACE 9392 --- [Todo] [http-nio-8080-exec-4] o.s.s.authentication.ProviderManager     : Authenticating request with JwtAuthenticationProvider (1/2)
2024-04-02T14:37:58.771+08:00 DEBUG 9392 --- [Todo] [http-nio-8080-exec-4] o.s.s.o.s.r.a.JwtAuthenticationProvider  : Authenticated token
2024-04-02T14:37:58.771+08:00 DEBUG 9392 --- [Todo] [http-nio-8080-exec-4] .s.r.w.a.BearerTokenAuthenticationFilter : Set SecurityContextHolder to CustomJwt [Principal=org.springframework.security.oauth2.jwt.Jwt@8c9a4f69, Credentials=[PROTECTED], Authenticated=true, Details=WebAuthenticationDetails [RemoteIpAddress=0:0:0:0:0:0:0:1, SessionId=null], Granted Authorities=[ROLE_User, ROLE_default-roles-to-do-app, ROLE_offline_access, ROLE_uma_authorization]]
2024-04-02T14:37:58.771+08:00 TRACE 9392 --- [Todo] [http-nio-8080-exec-4] o.s.security.web.FilterChainProxy        : Invoking RequestCacheAwareFilter (9/13)
2024-04-02T14:37:58.771+08:00 TRACE 9392 --- [Todo] [http-nio-8080-exec-4] o.s.s.w.s.HttpSessionRequestCache        : matchingRequestParameterName is required for getMatchingRequest to lookup a value, but not provided
2024-04-02T14:37:58.771+08:00 TRACE 9392 --- [Todo] [http-nio-8080-exec-4] o.s.security.web.FilterChainProxy        : Invoking SecurityContextHolderAwareRequestFilter (10/13)
2024-04-02T14:37:58.771+08:00 TRACE 9392 --- [Todo] [http-nio-8080-exec-4] o.s.security.web.FilterChainProxy        : Invoking AnonymousAuthenticationFilter (11/13)
2024-04-02T14:37:58.771+08:00 TRACE 9392 --- [Todo] [http-nio-8080-exec-4] o.s.security.web.FilterChainProxy        : Invoking ExceptionTranslationFilter (12/13)
2024-04-02T14:37:58.776+08:00 TRACE 9392 --- [Todo] [http-nio-8080-exec-4] o.s.security.web.FilterChainProxy        : Invoking AuthorizationFilter (13/13)
2024-04-02T14:37:58.776+08:00 TRACE 9392 --- [Todo] [http-nio-8080-exec-4] estMatcherDelegatingAuthorizationManager : Authorizing SecurityContextHolderAwareRequestWrapper[ org.springframework.security.web.header.HeaderWriterFilter$HeaderWriterRequest@7515336]
2024-04-02T14:37:58.777+08:00 TRACE 9392 --- [Todo] [http-nio-8080-exec-4] estMatcherDelegatingAuthorizationManager : Checking authorization on SecurityContextHolderAwareRequestWrapper[ org.springframework.security.web.header.HeaderWriterFilter$HeaderWriterRequest@7515336] using org.springframework.security.authorization.AuthenticatedAuthorizationManager@3fd8c66b
2024-04-02T14:37:58.777+08:00 TRACE 9392 --- [Todo] [http-nio-8080-exec-4] o.s.s.w.a.AnonymousAuthenticationFilter  : Did not set SecurityContextHolder since already authenticated CustomJwt [Principal=org.springframework.security.oauth2.jwt.Jwt@8c9a4f69, Credentials=[PROTECTED], Authenticated=true, Details=WebAuthenticationDetails [RemoteIpAddress=0:0:0:0:0:0:0:1, SessionId=null], Granted Authorities=[ROLE_User, ROLE_default-roles-to-do-app, ROLE_offline_access, ROLE_uma_authorization]]
2024-04-02T14:37:58.778+08:00 DEBUG 9392 --- [Todo] [http-nio-8080-exec-4] o.s.security.web.FilterChainProxy        : Secured GET /task/11
2024-04-02T14:37:58.790+08:00 DEBUG 9392 --- [Todo] [http-nio-8080-exec-4] horizationManagerBeforeMethodInterceptor : Authorizing method invocation ReflectiveMethodInvocation: public org.springframework.http.ResponseEntity be.app.Todo.rest.TrackController.getTask(java.lang.Long); target is of class [be.app.Todo.rest.TrackController]
2024-04-02T14:37:58.792+08:00 DEBUG 9392 --- [Todo] [http-nio-8080-exec-4] horizationManagerBeforeMethodInterceptor : Authorized method invocation ReflectiveMethodInvocation: public org.springframework.http.ResponseEntity be.app.Todo.rest.TrackController.getTask(java.lang.Long); target is of class [be.app.Todo.rest.TrackController]
2024-04-02T14:37:58.804+08:00 DEBUG 9392 --- [Todo] [http-nio-8080-exec-4] org.hibernate.SQL                        : select t1_0.id,t1_0.category,t1_0.created,t1_0.description,t1_0.due_date,t1_0.is_deleted,t1_0.title,t1_0.updated from task t1_0 where t1_0.id=?
2024-04-02T14:37:58.806+08:00 TRACE 9392 --- [Todo] [http-nio-8080-exec-4] org.hibernate.orm.jdbc.bind              : binding parameter (1:BIGINT) <- [11]
2024-04-02T14:37:58.812+08:00 ERROR 9392 --- [Todo] [http-nio-8080-exec-4] b.a.Todo.exception.RestExceptionHandler  : Task not found id :11
2024-04-02T14:37:58.819+08:00 TRACE 9392 --- [Todo] [http-nio-8080-exec-4] o.s.s.w.header.writers.HstsHeaderWriter  : Not injecting HSTS header since it did not match request to [Is Secure]
2024-04-02T14:39:15.611+08:00 TRACE 3128 --- [Todo] [main] eGlobalAuthenticationAutowiredConfigurer : Eagerly initializing {securityConfig=be.app.Todo.config.SecurityConfig$$SpringCGLIB$$0@49fb693d}
2024-04-02T14:39:15.616+08:00 DEBUG 3128 --- [Todo] [main] swordEncoderAuthenticationManagerBuilder : No authenticationProviders and no parentAuthenticationManager defined. Returning null.
2024-04-02T14:39:16.945+08:00  INFO 3128 --- [Todo] [main] o.s.s.web.DefaultSecurityFilterChain     : Will secure any request with [org.springframework.security.web.session.DisableEncodeUrlFilter@200e6029, org.springframework.security.web.context.request.async.WebAsyncManagerIntegrationFilter@41120e48, org.springframework.security.web.context.SecurityContextHolderFilter@218e186b, org.springframework.security.web.header.HeaderWriterFilter@10f60e36, org.springframework.web.filter.CorsFilter@165a5979, org.springframework.security.web.csrf.CsrfFilter@7575f7e1, org.springframework.security.web.authentication.logout.LogoutFilter@6771fc29, org.springframework.security.oauth2.server.resource.web.authentication.BearerTokenAuthenticationFilter@1d5958d3, org.springframework.security.web.savedrequest.RequestCacheAwareFilter@612531a3, org.springframework.security.web.servletapi.SecurityContextHolderAwareRequestFilter@3a83cfbc, org.springframework.security.web.authentication.AnonymousAuthenticationFilter@ea40c9f, org.springframework.security.web.access.ExceptionTranslationFilter@7010c9e4, org.springframework.security.web.access.intercept.AuthorizationFilter@3a5ffea]
